<?xml version="1.0" encoding="UTF-8"?>
<!-- Generated by org.testng.reporters.JUnitReportReporter -->
<testsuite hostname="DESKTOP-SHH2K20" name="com.LiveProject.testcases.AddressPage1Test" tests="1" failures="0" timestamp="12 Mar 2024 10:43:33 GMT" time="61.152" errors="0">
  <testcase name="clickplaceorder" time="61.152" classname="com.LiveProject.testcases.AddressPage1Test"/>
</testsuite> <!-- com.LiveProject.testcases.AddressPage1Test -->
