<?xml version="1.0" encoding="UTF-8"?>
<!-- Generated by org.testng.reporters.JUnitReportReporter -->
<testsuite hostname="DESKTOP-SHH2K20" name="com.LiveProject.testcases.PaymentPage1Test" tests="1" failures="0" timestamp="12 Mar 2024 10:43:33 GMT" time="62.245" errors="0">
  <testcase name="clickonPay" time="62.245" classname="com.LiveProject.testcases.PaymentPage1Test"/>
</testsuite> <!-- com.LiveProject.testcases.PaymentPage1Test -->
