<?xml version="1.0" encoding="UTF-8"?>
<!-- Generated by org.testng.reporters.JUnitReportReporter -->
<testsuite hostname="DESKTOP-SHH2K20" name="com.LiveProject.testcases.AddToCartPAge1Test" tests="1" failures="0" timestamp="12 Mar 2024 10:43:33 GMT" time="52.417" errors="0">
  <testcase name="searchProduct" time="52.417" classname="com.LiveProject.testcases.AddToCartPAge1Test"/>
</testsuite> <!-- com.LiveProject.testcases.AddToCartPAge1Test -->
