<?xml version="1.0" encoding="UTF-8"?>
<!-- Generated by org.testng.reporters.JUnitReportReporter -->
<testsuite hostname="DESKTOP-SHH2K20" name="com.LiveProject.testcases.OrderConfirmPage1Rest" tests="1" failures="0" timestamp="13 Mar 2024 07:22:43 GMT" time="64.398" errors="0">
  <testcase name="clickonPay" time="64.398" classname="com.LiveProject.testcases.OrderConfirmPage1Rest"/>
</testsuite> <!-- com.LiveProject.testcases.OrderConfirmPage1Rest -->
