<?xml version="1.0" encoding="UTF-8"?>
<!-- Generated by org.testng.reporters.JUnitReportReporter -->
<testsuite hostname="DESKTOP-SHH2K20" name="com.LiveProject.Base.BaseClass" tests="2" failures="0" timestamp="11 Mar 2024 06:08:34 GMT" time="10.570" errors="0">
  <testcase name="loadConfig" time="0.017" classname="com.LiveProject.Base.BaseClass"/>
  <testcase name="launchApp" time="10.553" classname="com.LiveProject.Base.BaseClass"/>
</testsuite> <!-- com.LiveProject.Base.BaseClass -->
