<?xml version="1.0" encoding="UTF-8"?>
<!-- Generated by org.testng.reporters.JUnitReportReporter -->
<testsuite hostname="DESKTOP-SHH2K20" name="com.LiveProject.testcases.LogoutPage1Test" tests="1" failures="0" timestamp="12 Mar 2024 10:54:07 GMT" time="72.718" errors="0">
  <testcase name="clickonLogout" time="72.718" classname="com.LiveProject.testcases.LogoutPage1Test"/>
</testsuite> <!-- com.LiveProject.testcases.LogoutPage1Test -->
