<?xml version="1.0" encoding="UTF-8"?>
<!-- Generated by org.testng.reporters.JUnitReportReporter -->
<testsuite hostname="DESKTOP-SHH2K20" name="com.LiveProject.testcases.OrderConfirmPage1Rest" tests="1" failures="0" timestamp="12 Mar 2024 10:54:07 GMT" time="74.171" errors="0">
  <testcase name="clickonPay" time="74.171" classname="com.LiveProject.testcases.OrderConfirmPage1Rest"/>
</testsuite> <!-- com.LiveProject.testcases.OrderConfirmPage1Rest -->
