<?xml version="1.0" encoding="UTF-8"?>
<!-- Generated by org.testng.reporters.JUnitReportReporter -->
<testsuite hostname="DESKTOP-SHH2K20" name="com.LiveProject.testcases.SearchPage1Test" tests="1" failures="0" timestamp="13 Mar 2024 07:22:43 GMT" time="45.471" errors="0">
  <testcase name="searchProduct" time="45.471" classname="com.LiveProject.testcases.SearchPage1Test"/>
</testsuite> <!-- com.LiveProject.testcases.SearchPage1Test -->
