<?xml version="1.0" encoding="UTF-8"?>
<!-- Generated by org.testng.reporters.JUnitXMLReporter -->
<testsuite hostname="DESKTOP-SHH2K20" name="Test-All" tests="6" failures="1" timestamp="12 Mar 2024 10:54:07 GMT" time="233.554" errors="0">
  <testcase name="loginTo" time="30.602" classname="com.LiveProject.testcases.signUpPage1Test"/>
  <testcase name="clicksignup" time="2.783" classname="com.LiveProject.testcases.IndexPage1Test"/>
  <testcase name="titleee" time="0.056" classname="com.LiveProject.testcases.IndexPage1Test">
    <failure type="java.lang.AssertionError" message="expected [AutomationExercise] but found [Automation Exercise]">
      <![CDATA[java.lang.AssertionError: expected [AutomationExercise] but found [Automation Exercise]
	at com.LiveProject.testcases.IndexPage1Test.titleee(IndexPage1Test.java:51)
... Removed 29 stack frames]]>
    </failure>
  </testcase> <!-- titleee -->
  <testcase name="verifyLogo" time="0.127" classname="com.LiveProject.testcases.IndexPage1Test"/>
  <testcase name="clickonPay" time="65.122" classname="com.LiveProject.testcases.OrderConfirmPage1Rest"/>
  <testcase name="clickonLogout" time="61.876" classname="com.LiveProject.testcases.LogoutPage1Test"/>
</testsuite> <!-- Test-All -->
