<?xml version="1.0" encoding="UTF-8"?>
<!-- Generated by org.testng.reporters.JUnitXMLReporter -->
<testsuite hostname="DESKTOP-SHH2K20" name="Test-All" tests="1" failures="0" timestamp="13 Mar 2024 07:08:31 GMT" time="0.019" errors="0">
  <testcase name="createAccount" time="0.005" classname="com.LiveProject.testcases.AccountCreatnPage1Test">
    <skipped/>
  </testcase> <!-- createAccount -->
</testsuite> <!-- Test-All -->
